<?xml version="1.0" encoding="UTF-8"?>
<!-- Generated by org.testng.reporters.JUnitReportReporter -->
<testsuite skipped="0" hostname="DESKTOP-EUD6GE0" name="Work.TestMethod" tests="1" failures="0" timestamp="01 Sep 2019 09:49:39 GMT" time="0.007" errors="0">
  <testcase name="createuser" time="0.007" classname="Work.TestMethod"/>
</testsuite> <!-- Work.TestMethod -->
