<?xml version="1.0" encoding="UTF-8"?>
<!-- Generated by org.testng.reporters.JUnitReportReporter -->
<testsuite hostname="DESKTOP-EUD6GE0" name="Work.ActiTimeLoginPage" tests="1" failures="0" timestamp="16 Oct 2020 10:32:04 GMT" time="6.868" errors="0">
  <testcase name="clickOnLogin" time="6.868" classname="Work.ActiTimeLoginPage"/>
</testsuite> <!-- Work.ActiTimeLoginPage -->
