<?xml version="1.0" encoding="UTF-8"?>
<!-- Generated by org.testng.reporters.JUnitReportReporter -->
<testsuite hostname="DESKTOP-EUD6GE0" name="Work.TestNg_Validation" tests="1" failures="0" timestamp="12 Oct 2020 08:56:27 GMT" time="0.010" errors="0">
  <testcase name="testA" time="0.010" classname="Work.TestNg_Validation"/>
</testsuite> <!-- Work.TestNg_Validation -->
