<?xml version="1.0" encoding="UTF-8"?>
<!-- Generated by org.testng.reporters.JUnitReportReporter -->
<testsuite hostname="DESKTOP-EUD6GE0" name="Work.Sequence_of_annotations" tests="2" failures="0" timestamp="13 Oct 2020 11:20:13 GMT" time="0.019" errors="0">
  <testcase name="createUser" time="0.018" classname="Work.Sequence_of_annotations"/>
  <testcase name="deleteUser" time="0.001" classname="Work.Sequence_of_annotations"/>
</testsuite> <!-- Work.Sequence_of_annotations -->
