<?xml version="1.0" encoding="UTF-8"?>
<!-- Generated by org.testng.reporters.JUnitReportReporter -->
<testsuite hostname="DESKTOP-EUD6GE0" name="TestNG.TestNgGroup" tests="6" failures="0" timestamp="9 Oct 2020 10:46:17 GMT" time="0.020" errors="0">
  <testcase name="editProduct" time="0.001" classname="TestNG.TestNgGroup"/>
  <testcase name="editUser" time="0.001" classname="TestNG.TestNgGroup"/>
  <testcase name="createProduct" time="0.016" classname="TestNG.TestNgGroup"/>
  <testcase name="createUser" time="0.001" classname="TestNG.TestNgGroup"/>
  <testcase name="deleteUser" time="0.000" classname="TestNG.TestNgGroup"/>
  <testcase name="deleteProduct" time="0.001" classname="TestNG.TestNgGroup"/>
</testsuite> <!-- TestNG.TestNgGroup -->
