<?xml version="1.0" encoding="UTF-8"?>
<!-- Generated by org.testng.reporters.JUnitReportReporter -->
<testsuite hostname="DESKTOP-EUD6GE0" name="Work.Test4" tests="2" failures="0" timestamp="12 Oct 2020 07:56:38 GMT" time="48.764" errors="0">
  <testcase name="afterMethod" time="22.549" classname="Work.Test4"/>
  <testcase name="beforeMethod" time="26.215" classname="Work.Test4"/>
</testsuite> <!-- Work.Test4 -->
