<?xml version="1.0" encoding="UTF-8"?>
<!-- Generated by org.testng.reporters.JUnitReportReporter -->
<testsuite hostname="DESKTOP-EUD6GE0" name="Work.Checking_Alert" tests="1" failures="0" timestamp="21 Oct 2020 09:46:03 GMT" time="33.794" errors="0">
  <testcase name="alert" time="33.794" classname="Work.Checking_Alert"/>
</testsuite> <!-- Work.Checking_Alert -->
