<?xml version="1.0" encoding="UTF-8"?>
<!-- Generated by org.testng.reporters.JUnitReportReporter -->
<testsuite skipped="0" hostname="DESKTOP-EUD6GE0" name="TestNG.TestNgGroup" tests="6" failures="0" timestamp="01 Sep 2019 12:10:54 GMT" time="0.015" errors="0">
  <testcase name="createUser" time="0.001" classname="TestNG.TestNgGroup"/>
  <testcase name="createProduct" time="0.010" classname="TestNG.TestNgGroup"/>
  <testcase name="editUser" time="0.001" classname="TestNG.TestNgGroup"/>
  <testcase name="editProduct" time="0.001" classname="TestNG.TestNgGroup"/>
  <testcase name="deleteUser" time="0.001" classname="TestNG.TestNgGroup"/>
  <testcase name="deleteProduct" time="0.001" classname="TestNG.TestNgGroup"/>
</testsuite> <!-- TestNG.TestNgGroup -->
