<?xml version="1.0" encoding="UTF-8"?>
<!-- Generated by org.testng.reporters.JUnitReportReporter -->
<testsuite skipped="0" hostname="DESKTOP-EUD6GE0" name="TestNG.ClassTestNg" tests="2" failures="0" timestamp="01 Sep 2019 10:40:00 GMT" time="0.010" errors="0">
  <testcase name="editUser" time="0.009" classname="TestNG.ClassTestNg"/>
  <testcase name="editUser" time="0.001" classname="TestNG.ClassTestNg"/>
</testsuite> <!-- TestNG.ClassTestNg -->
